2025-09-26 11:09:17,823 - api_server - INFO - Initializing AI models...
2025-09-26 11:09:17,823 - api_server - INFO - Training models...
2025-09-26 11:09:31,920 - api_server - INFO - Models trained - Text: 0.983, Image: 1.000
2025-09-26 11:09:42,665 - api_server - INFO - Initializing AI models...
2025-09-26 11:09:42,665 - api_server - INFO - Training models...
2025-09-26 11:09:43,035 - api_server - INFO - Initializing AI models...
2025-09-26 11:09:43,036 - api_server - INFO - Training models...
2025-09-26 11:09:57,890 - api_server - INFO - Models trained - Text: 0.983, Image: 1.000
2025-09-26 11:09:57,897 - api_server - INFO - Models trained - Text: 0.983, Image: 1.000
2025-09-26 11:11:36,685 - api_server - INFO - Initializing AI models...
2025-09-26 11:11:36,685 - api_server - INFO - Training models...
2025-09-26 11:11:50,073 - api_server - INFO - Models trained - Text: 0.983, Image: 1.000
2025-09-26 11:12:17,255 - api_server - INFO - Initializing AI models...
2025-09-26 11:12:17,255 - api_server - INFO - Training models...
2025-09-26 11:12:31,328 - api_server - INFO - Models trained - Text: 0.983, Image: 1.000
2025-09-26 11:13:02,541 - api_server - INFO - Initializing AI models...
2025-09-26 11:13:02,542 - api_server - INFO - Training models...
2025-09-26 11:13:17,575 - api_server - INFO - Models trained - Text: 0.983, Image: 1.000
2025-09-26 11:23:12,775 - api_server - INFO - Initializing AI models...
2025-09-26 11:23:12,776 - api_server - INFO - Training models...
2025-09-26 11:23:26,498 - api_server - INFO - Models trained - Text: 0.983, Image: 1.000
2025-09-26 11:23:26,499 - api_server - INFO -  All models initialized successfully
2025-09-26 11:23:30,860 - api_server - INFO - Initializing AI models...
2025-09-26 11:23:30,862 - api_server - INFO - Training models...
2025-09-26 11:23:44,182 - api_server - INFO - Models trained - Text: 0.983, Image: 1.000
2025-09-26 11:23:44,182 - api_server - INFO - All models initialized successfully
2025-09-26 11:23:54,714 - api_server - INFO - Initializing AI models...
2025-09-26 11:23:54,715 - api_server - INFO - Training models...
2025-09-26 11:24:08,374 - api_server - INFO - Models trained - Text: 0.983, Image: 1.000
2025-09-26 11:24:08,374 - api_server - INFO - All models initialized successfully
2025-09-26 11:24:44,276 - api_server - INFO - Initializing AI models...
2025-09-26 11:24:44,277 - api_server - INFO - Training models...
2025-09-26 11:24:58,475 - api_server - INFO - Models trained - Text: 0.983, Image: 1.000
2025-09-26 11:24:58,475 - api_server - INFO - All models initialized successfully
2025-09-26 11:26:44,061 - api_server - INFO - Processing urgency classification request: see when we are going towards the uni hospital the...
2025-09-26 11:26:44,131 - api_server - INFO - Classification complete: MEDIUM (score: 5.6)
2025-09-26 11:27:39,891 - api_server - INFO - Initializing AI models...
2025-09-26 11:27:39,892 - api_server - INFO - Training models...
2025-09-26 11:27:52,771 - api_server - INFO - Models trained - Text: 0.983, Image: 1.000
2025-09-26 11:27:52,772 - api_server - INFO - All models initialized successfully
2025-09-26 11:41:13,400 - api_server - INFO - Processing urgency classification request: see when we are going towards the uni hospital the...
2025-09-26 11:41:13,483 - api_server - INFO - Classification complete: HIGH (score: 10.0)
2025-09-26 11:43:21,016 - api_server - INFO - Processing urgency classification request: see when we are going towards the uni hospital the...
2025-09-26 11:43:21,087 - api_server - INFO - Classification complete: HIGH (score: 10.0)
